2017-08-16 13:06:44 [DEBUG] [ttmandom_bill-0120170816130644476c7aedbc2bd912f9ec22c510fbb6183d40ab43] LGD_TXID = ttmandom_bill-0120170816130644476c7aedbc2bd912f9ec22c510fbb6183d40ab43
2017-08-16 13:06:44 [DEBUG] [ttmandom_bill-0120170816130644476c7aedbc2bd912f9ec22c510fbb6183d40ab43] LGD_AUTHCODE = 27ef4647334ac6e829a744fddaaad91de4371683
2017-08-16 13:06:44 [DEBUG] [ttmandom_bill-0120170816130644476c7aedbc2bd912f9ec22c510fbb6183d40ab43] LGD_MID = ttmandom_bill
2017-08-16 13:06:44 [DEBUG] [ttmandom_bill-0120170816130644476c7aedbc2bd912f9ec22c510fbb6183d40ab43] LGD_TXNAME = CardAuth
2017-08-16 13:06:44 [DEBUG] [ttmandom_bill-0120170816130644476c7aedbc2bd912f9ec22c510fbb6183d40ab43] LGD_OID = 20170816130644176PYY
2017-08-16 13:06:44 [DEBUG] [ttmandom_bill-0120170816130644476c7aedbc2bd912f9ec22c510fbb6183d40ab43] LGD_AMOUNT = 4502
2017-08-16 13:06:44 [DEBUG] [ttmandom_bill-0120170816130644476c7aedbc2bd912f9ec22c510fbb6183d40ab43] LGD_PRODUCTINFO = 훼이셜 페이퍼
2017-08-16 13:06:44 [DEBUG] [ttmandom_bill-0120170816130644476c7aedbc2bd912f9ec22c510fbb6183d40ab43] LGD_PAN = waGLIXr8GGuDY+MOGKFh4atDXSoIY9DBFZl/Fk3dg+Q=
2017-08-16 13:06:44 [DEBUG] [ttmandom_bill-0120170816130644476c7aedbc2bd912f9ec22c510fbb6183d40ab43] LGD_INSTALL = 00
2017-08-16 13:06:44 [DEBUG] [ttmandom_bill-0120170816130644476c7aedbc2bd912f9ec22c510fbb6183d40ab43] VBV_ECI = 010
2017-08-16 13:06:44 [DEBUG] [ttmandom_bill-0120170816130644476c7aedbc2bd912f9ec22c510fbb6183d40ab43] LGD_BUYERPHONE = 01053001289
2017-08-16 13:06:44 [DEBUG] [ttmandom_bill-0120170816130644476c7aedbc2bd912f9ec22c510fbb6183d40ab43] LGD_BUYER = 강병철
2017-08-16 13:06:44 [DEBUG] [ttmandom_bill-0120170816130644476c7aedbc2bd912f9ec22c510fbb6183d40ab43] LGD_BUYERID = bckang1
2017-08-16 13:06:44 [DEBUG] [ttmandom_bill-0120170816130644476c7aedbc2bd912f9ec22c510fbb6183d40ab43] LGD_BUYERPHONE = 01053001289
2017-08-16 13:06:44 [DEBUG] [ttmandom_bill-0120170816130644476c7aedbc2bd912f9ec22c510fbb6183d40ab43] LGD_BUYEREMAIL = xion74@nate.com
2017-08-16 13:06:45 [DEBUG] [ttmandom_bill-0120170816130644476c7aedbc2bd912f9ec22c510fbb6183d40ab43] HTTP Status Code = 200
2017-08-16 13:06:45 [DEBUG] [ttmandom_bill-0120170816130644476c7aedbc2bd912f9ec22c510fbb6183d40ab43] HTTP Content-Type = application/json
2017-08-16 13:06:45 [DEBUG] [ttmandom_bill-0120170816130644476c7aedbc2bd912f9ec22c510fbb6183d40ab43] HTTP Response = 









{"LGD_RESPCODE":"0000","LGD_RESPMSG":"결제성공","LGD_RESPONSE":[{"LGD_CARDACQUIRER":"31","LGD_CARDNOINTEREST_YN":"0","LGD_MID":"ttmandom_bill","LGD_FINANCENAME":"비씨MASTER","LGD_PCANCELFLAG":"1","LGD_FINANCEAUTHNUM":"00000000","LGD_DELIVERYINFO":"","LGD_BUYER":"강병철","LGD_AFFILIATECODE":"******","LGD_TRANSAMOUNT":"4502","LGD_BUYERID":"bckang1","LGD_OID":"20170816130644176PYY","LGD_CARDNUM":"552220******9895","LGD_RECEIVERPHONE":"","LGD_TID":"ttman2017081613064421198","LGD_TIMESTAMP":"20170816130644","LGD_FINANCECODE":"31200","LGD_CARDNOINTYN":"0","LGD_PCANCELSTR":"0","LGD_DISCOUNTUSEYN":"0","LGD_BUYERPHONE":"01053001289","LGD_ESCROWYN":"N","LGD_PAYTYPE":"SC0010","LGD_AMOUNT":"4502","LGD_VANCODE":"van0012","LGD_EXCHANGERATE":"1.0","LGD_BUYERSSN":"","LGD_CARDINSTALLMONTH":"00","LGD_RESPMSG":"결제성공","LGD_PAYDATE":"20170816130644","LGD_PRODUCTINFO":"훼이셜 페이퍼","LGD_PRODUCTCODE":"","LGD_HASHDATA":"60350f0707e36e5088129b98fc52f59a","LGD_CARDGUBUN1":"0","LGD_CARDGUBUN2":"0","LGD_BUYERADDRESS":"","LGD_RESPCODE":"0000","LGD_RECEIVER":"","LGD_BUYEREMAIL":"xion74@nate.com","LGD_DISCOUNTUSEAMOUNT":"0"}]}

2017-08-16 13:06:45 [DEBUG] [ttmandom_bill-0120170816130644476c7aedbc2bd912f9ec22c510fbb6183d40ab43] LGD_BUYERPHONE = 
2017-08-16 13:06:45 [DEBUG] [ttmandom_bill-0120170816130644476c7aedbc2bd912f9ec22c510fbb6183d40ab43] 	01053001289
2017-08-16 13:06:45 [DEBUG] [ttmandom_bill-0120170816130644476c7aedbc2bd912f9ec22c510fbb6183d40ab43] LGD_PAYDATE = 
2017-08-16 13:06:45 [DEBUG] [ttmandom_bill-0120170816130644476c7aedbc2bd912f9ec22c510fbb6183d40ab43] 	20170816130644
2017-08-16 13:06:45 [DEBUG] [ttmandom_bill-0120170816130644476c7aedbc2bd912f9ec22c510fbb6183d40ab43] LGD_DISCOUNTUSEYN = 
2017-08-16 13:06:45 [DEBUG] [ttmandom_bill-0120170816130644476c7aedbc2bd912f9ec22c510fbb6183d40ab43] 	0
2017-08-16 13:06:45 [DEBUG] [ttmandom_bill-0120170816130644476c7aedbc2bd912f9ec22c510fbb6183d40ab43] LGD_RECEIVER = 
2017-08-16 13:06:45 [DEBUG] [ttmandom_bill-0120170816130644476c7aedbc2bd912f9ec22c510fbb6183d40ab43] 	
2017-08-16 13:06:45 [DEBUG] [ttmandom_bill-0120170816130644476c7aedbc2bd912f9ec22c510fbb6183d40ab43] LGD_BUYEREMAIL = 
2017-08-16 13:06:45 [DEBUG] [ttmandom_bill-0120170816130644476c7aedbc2bd912f9ec22c510fbb6183d40ab43] 	xion74@nate.com
2017-08-16 13:06:45 [DEBUG] [ttmandom_bill-0120170816130644476c7aedbc2bd912f9ec22c510fbb6183d40ab43] LGD_DELIVERYINFO = 
2017-08-16 13:06:45 [DEBUG] [ttmandom_bill-0120170816130644476c7aedbc2bd912f9ec22c510fbb6183d40ab43] 	
2017-08-16 13:06:45 [DEBUG] [ttmandom_bill-0120170816130644476c7aedbc2bd912f9ec22c510fbb6183d40ab43] LGD_PAYTYPE = 
2017-08-16 13:06:45 [DEBUG] [ttmandom_bill-0120170816130644476c7aedbc2bd912f9ec22c510fbb6183d40ab43] 	SC0010
2017-08-16 13:06:45 [DEBUG] [ttmandom_bill-0120170816130644476c7aedbc2bd912f9ec22c510fbb6183d40ab43] LGD_RECEIVERPHONE = 
2017-08-16 13:06:45 [DEBUG] [ttmandom_bill-0120170816130644476c7aedbc2bd912f9ec22c510fbb6183d40ab43] 	
2017-08-16 13:06:45 [DEBUG] [ttmandom_bill-0120170816130644476c7aedbc2bd912f9ec22c510fbb6183d40ab43] LGD_EXCHANGERATE = 
2017-08-16 13:06:45 [DEBUG] [ttmandom_bill-0120170816130644476c7aedbc2bd912f9ec22c510fbb6183d40ab43] 	1.0
2017-08-16 13:06:45 [DEBUG] [ttmandom_bill-0120170816130644476c7aedbc2bd912f9ec22c510fbb6183d40ab43] LGD_AFFILIATECODE = 
2017-08-16 13:06:45 [DEBUG] [ttmandom_bill-0120170816130644476c7aedbc2bd912f9ec22c510fbb6183d40ab43] 	******
2017-08-16 13:06:45 [DEBUG] [ttmandom_bill-0120170816130644476c7aedbc2bd912f9ec22c510fbb6183d40ab43] LGD_RESPMSG = 
2017-08-16 13:06:45 [DEBUG] [ttmandom_bill-0120170816130644476c7aedbc2bd912f9ec22c510fbb6183d40ab43] 	결제성공
2017-08-16 13:06:45 [DEBUG] [ttmandom_bill-0120170816130644476c7aedbc2bd912f9ec22c510fbb6183d40ab43] LGD_CARDNUM = 
2017-08-16 13:06:45 [DEBUG] [ttmandom_bill-0120170816130644476c7aedbc2bd912f9ec22c510fbb6183d40ab43] 	552220******9895
2017-08-16 13:06:45 [DEBUG] [ttmandom_bill-0120170816130644476c7aedbc2bd912f9ec22c510fbb6183d40ab43] LGD_CARDNOINTEREST_YN = 
2017-08-16 13:06:45 [DEBUG] [ttmandom_bill-0120170816130644476c7aedbc2bd912f9ec22c510fbb6183d40ab43] 	0
2017-08-16 13:06:45 [DEBUG] [ttmandom_bill-0120170816130644476c7aedbc2bd912f9ec22c510fbb6183d40ab43] LGD_FINANCEAUTHNUM = 
2017-08-16 13:06:45 [DEBUG] [ttmandom_bill-0120170816130644476c7aedbc2bd912f9ec22c510fbb6183d40ab43] 	00000000
2017-08-16 13:06:45 [DEBUG] [ttmandom_bill-0120170816130644476c7aedbc2bd912f9ec22c510fbb6183d40ab43] LGD_TRANSAMOUNT = 
2017-08-16 13:06:45 [DEBUG] [ttmandom_bill-0120170816130644476c7aedbc2bd912f9ec22c510fbb6183d40ab43] 	4502
2017-08-16 13:06:45 [DEBUG] [ttmandom_bill-0120170816130644476c7aedbc2bd912f9ec22c510fbb6183d40ab43] LGD_ESCROWYN = 
2017-08-16 13:06:45 [DEBUG] [ttmandom_bill-0120170816130644476c7aedbc2bd912f9ec22c510fbb6183d40ab43] 	N
2017-08-16 13:06:45 [DEBUG] [ttmandom_bill-0120170816130644476c7aedbc2bd912f9ec22c510fbb6183d40ab43] LGD_FINANCECODE = 
2017-08-16 13:06:45 [DEBUG] [ttmandom_bill-0120170816130644476c7aedbc2bd912f9ec22c510fbb6183d40ab43] 	31200
2017-08-16 13:06:45 [DEBUG] [ttmandom_bill-0120170816130644476c7aedbc2bd912f9ec22c510fbb6183d40ab43] LGD_DISCOUNTUSEAMOUNT = 
2017-08-16 13:06:45 [DEBUG] [ttmandom_bill-0120170816130644476c7aedbc2bd912f9ec22c510fbb6183d40ab43] 	0
2017-08-16 13:06:45 [DEBUG] [ttmandom_bill-0120170816130644476c7aedbc2bd912f9ec22c510fbb6183d40ab43] LGD_CARDGUBUN1 = 
2017-08-16 13:06:45 [DEBUG] [ttmandom_bill-0120170816130644476c7aedbc2bd912f9ec22c510fbb6183d40ab43] 	0
2017-08-16 13:06:45 [DEBUG] [ttmandom_bill-0120170816130644476c7aedbc2bd912f9ec22c510fbb6183d40ab43] LGD_CARDGUBUN2 = 
2017-08-16 13:06:45 [DEBUG] [ttmandom_bill-0120170816130644476c7aedbc2bd912f9ec22c510fbb6183d40ab43] 	0
2017-08-16 13:06:45 [DEBUG] [ttmandom_bill-0120170816130644476c7aedbc2bd912f9ec22c510fbb6183d40ab43] LGD_HASHDATA = 
2017-08-16 13:06:45 [DEBUG] [ttmandom_bill-0120170816130644476c7aedbc2bd912f9ec22c510fbb6183d40ab43] 	60350f0707e36e5088129b98fc52f59a
2017-08-16 13:06:45 [DEBUG] [ttmandom_bill-0120170816130644476c7aedbc2bd912f9ec22c510fbb6183d40ab43] LGD_BUYERADDRESS = 
2017-08-16 13:06:45 [DEBUG] [ttmandom_bill-0120170816130644476c7aedbc2bd912f9ec22c510fbb6183d40ab43] 	
2017-08-16 13:06:45 [DEBUG] [ttmandom_bill-0120170816130644476c7aedbc2bd912f9ec22c510fbb6183d40ab43] LGD_FINANCENAME = 
2017-08-16 13:06:45 [DEBUG] [ttmandom_bill-0120170816130644476c7aedbc2bd912f9ec22c510fbb6183d40ab43] 	비씨MASTER
2017-08-16 13:06:45 [DEBUG] [ttmandom_bill-0120170816130644476c7aedbc2bd912f9ec22c510fbb6183d40ab43] LGD_CARDNOINTYN = 
2017-08-16 13:06:45 [DEBUG] [ttmandom_bill-0120170816130644476c7aedbc2bd912f9ec22c510fbb6183d40ab43] 	0
2017-08-16 13:06:45 [DEBUG] [ttmandom_bill-0120170816130644476c7aedbc2bd912f9ec22c510fbb6183d40ab43] LGD_CARDACQUIRER = 
2017-08-16 13:06:45 [DEBUG] [ttmandom_bill-0120170816130644476c7aedbc2bd912f9ec22c510fbb6183d40ab43] 	31
2017-08-16 13:06:45 [DEBUG] [ttmandom_bill-0120170816130644476c7aedbc2bd912f9ec22c510fbb6183d40ab43] LGD_TIMESTAMP = 
2017-08-16 13:06:45 [DEBUG] [ttmandom_bill-0120170816130644476c7aedbc2bd912f9ec22c510fbb6183d40ab43] 	20170816130644
2017-08-16 13:06:45 [DEBUG] [ttmandom_bill-0120170816130644476c7aedbc2bd912f9ec22c510fbb6183d40ab43] LGD_PCANCELSTR = 
2017-08-16 13:06:45 [DEBUG] [ttmandom_bill-0120170816130644476c7aedbc2bd912f9ec22c510fbb6183d40ab43] 	0
2017-08-16 13:06:45 [DEBUG] [ttmandom_bill-0120170816130644476c7aedbc2bd912f9ec22c510fbb6183d40ab43] LGD_BUYER = 
2017-08-16 13:06:45 [DEBUG] [ttmandom_bill-0120170816130644476c7aedbc2bd912f9ec22c510fbb6183d40ab43] 	강병철
2017-08-16 13:06:45 [DEBUG] [ttmandom_bill-0120170816130644476c7aedbc2bd912f9ec22c510fbb6183d40ab43] LGD_CARDINSTALLMONTH = 
2017-08-16 13:06:45 [DEBUG] [ttmandom_bill-0120170816130644476c7aedbc2bd912f9ec22c510fbb6183d40ab43] 	00
2017-08-16 13:06:45 [DEBUG] [ttmandom_bill-0120170816130644476c7aedbc2bd912f9ec22c510fbb6183d40ab43] LGD_BUYERSSN = 
2017-08-16 13:06:45 [DEBUG] [ttmandom_bill-0120170816130644476c7aedbc2bd912f9ec22c510fbb6183d40ab43] 	
2017-08-16 13:06:45 [DEBUG] [ttmandom_bill-0120170816130644476c7aedbc2bd912f9ec22c510fbb6183d40ab43] LGD_PRODUCTINFO = 
2017-08-16 13:06:45 [DEBUG] [ttmandom_bill-0120170816130644476c7aedbc2bd912f9ec22c510fbb6183d40ab43] 	훼이셜 페이퍼
2017-08-16 13:06:45 [DEBUG] [ttmandom_bill-0120170816130644476c7aedbc2bd912f9ec22c510fbb6183d40ab43] LGD_VANCODE = 
2017-08-16 13:06:45 [DEBUG] [ttmandom_bill-0120170816130644476c7aedbc2bd912f9ec22c510fbb6183d40ab43] 	van0012
2017-08-16 13:06:45 [DEBUG] [ttmandom_bill-0120170816130644476c7aedbc2bd912f9ec22c510fbb6183d40ab43] LGD_PRODUCTCODE = 
2017-08-16 13:06:45 [DEBUG] [ttmandom_bill-0120170816130644476c7aedbc2bd912f9ec22c510fbb6183d40ab43] 	
2017-08-16 13:06:45 [DEBUG] [ttmandom_bill-0120170816130644476c7aedbc2bd912f9ec22c510fbb6183d40ab43] LGD_TID = 
2017-08-16 13:06:45 [DEBUG] [ttmandom_bill-0120170816130644476c7aedbc2bd912f9ec22c510fbb6183d40ab43] 	ttman2017081613064421198
2017-08-16 13:06:45 [DEBUG] [ttmandom_bill-0120170816130644476c7aedbc2bd912f9ec22c510fbb6183d40ab43] LGD_BUYERID = 
2017-08-16 13:06:45 [DEBUG] [ttmandom_bill-0120170816130644476c7aedbc2bd912f9ec22c510fbb6183d40ab43] 	bckang1
2017-08-16 13:06:45 [DEBUG] [ttmandom_bill-0120170816130644476c7aedbc2bd912f9ec22c510fbb6183d40ab43] LGD_OID = 
2017-08-16 13:06:45 [DEBUG] [ttmandom_bill-0120170816130644476c7aedbc2bd912f9ec22c510fbb6183d40ab43] 	20170816130644176PYY
2017-08-16 13:06:45 [DEBUG] [ttmandom_bill-0120170816130644476c7aedbc2bd912f9ec22c510fbb6183d40ab43] LGD_RESPCODE = 
2017-08-16 13:06:45 [DEBUG] [ttmandom_bill-0120170816130644476c7aedbc2bd912f9ec22c510fbb6183d40ab43] 	0000
2017-08-16 13:06:45 [DEBUG] [ttmandom_bill-0120170816130644476c7aedbc2bd912f9ec22c510fbb6183d40ab43] LGD_AMOUNT = 
2017-08-16 13:06:45 [DEBUG] [ttmandom_bill-0120170816130644476c7aedbc2bd912f9ec22c510fbb6183d40ab43] 	4502
2017-08-16 13:06:45 [DEBUG] [ttmandom_bill-0120170816130644476c7aedbc2bd912f9ec22c510fbb6183d40ab43] LGD_PCANCELFLAG = 
2017-08-16 13:06:45 [DEBUG] [ttmandom_bill-0120170816130644476c7aedbc2bd912f9ec22c510fbb6183d40ab43] 	1
2017-08-16 13:06:45 [DEBUG] [ttmandom_bill-0120170816130644476c7aedbc2bd912f9ec22c510fbb6183d40ab43] LGD_MID = 
2017-08-16 13:06:45 [DEBUG] [ttmandom_bill-0120170816130644476c7aedbc2bd912f9ec22c510fbb6183d40ab43] 	ttmandom_bill
2017-08-16 13:06:45 [INFO ] [ttmandom_bill-0120170816130644476c7aedbc2bd912f9ec22c510fbb6183d40ab43] m_szResCode = 0000
2017-08-16 13:06:45 [INFO ] [ttmandom_bill-0120170816130644476c7aedbc2bd912f9ec22c510fbb6183d40ab43] m_szResMsg = 결제성공
2017-08-16 13:06:45 [DEBUG] [ttmandom_bill-0120170816130644476c7aedbc2bd912f9ec22c510fbb6183d40ab43] TX Success Complete.
2017-08-16 13:08:15 [DEBUG] [ttmandom_bill-01201708161308155281b89b6bdc9e7c2ab91fe190a3a8915d0b3d9b] LGD_TXID = ttmandom_bill-01201708161308155281b89b6bdc9e7c2ab91fe190a3a8915d0b3d9b
2017-08-16 13:08:15 [DEBUG] [ttmandom_bill-01201708161308155281b89b6bdc9e7c2ab91fe190a3a8915d0b3d9b] LGD_AUTHCODE = a51b111a1ad41cd288f344050271be3fb603d307
2017-08-16 13:08:15 [DEBUG] [ttmandom_bill-01201708161308155281b89b6bdc9e7c2ab91fe190a3a8915d0b3d9b] LGD_MID = ttmandom_bill
2017-08-16 13:08:15 [DEBUG] [ttmandom_bill-01201708161308155281b89b6bdc9e7c2ab91fe190a3a8915d0b3d9b] LGD_TXNAME = Cancel
2017-08-16 13:08:15 [DEBUG] [ttmandom_bill-01201708161308155281b89b6bdc9e7c2ab91fe190a3a8915d0b3d9b] LGD_TID = ttman2017081613064421198
2017-08-16 13:08:15 [DEBUG] [ttmandom_bill-01201708161308155281b89b6bdc9e7c2ab91fe190a3a8915d0b3d9b] HTTP Status Code = 200
2017-08-16 13:08:15 [DEBUG] [ttmandom_bill-01201708161308155281b89b6bdc9e7c2ab91fe190a3a8915d0b3d9b] HTTP Content-Type = application/json
2017-08-16 13:08:15 [DEBUG] [ttmandom_bill-01201708161308155281b89b6bdc9e7c2ab91fe190a3a8915d0b3d9b] HTTP Response = 









{"LGD_RESPCODE":"0000","LGD_RESPMSG":"취소성공","LGD_RESPONSE":[{"LGD_HASHDATA":"ca1ce0a4ce519d3899a7570eeee190bd","LGD_RESPCODE":"0000","LGD_TIMESTAMP":"20170816130814","LGD_CANREQDATE":"20170816130814","LGD_RESPMSG":"취소성공"}]}

2017-08-16 13:08:15 [DEBUG] [ttmandom_bill-01201708161308155281b89b6bdc9e7c2ab91fe190a3a8915d0b3d9b] LGD_CANREQDATE = 
2017-08-16 13:08:15 [DEBUG] [ttmandom_bill-01201708161308155281b89b6bdc9e7c2ab91fe190a3a8915d0b3d9b] 	20170816130814
2017-08-16 13:08:15 [DEBUG] [ttmandom_bill-01201708161308155281b89b6bdc9e7c2ab91fe190a3a8915d0b3d9b] LGD_HASHDATA = 
2017-08-16 13:08:15 [DEBUG] [ttmandom_bill-01201708161308155281b89b6bdc9e7c2ab91fe190a3a8915d0b3d9b] 	ca1ce0a4ce519d3899a7570eeee190bd
2017-08-16 13:08:15 [DEBUG] [ttmandom_bill-01201708161308155281b89b6bdc9e7c2ab91fe190a3a8915d0b3d9b] LGD_RESPCODE = 
2017-08-16 13:08:15 [DEBUG] [ttmandom_bill-01201708161308155281b89b6bdc9e7c2ab91fe190a3a8915d0b3d9b] 	0000
2017-08-16 13:08:15 [DEBUG] [ttmandom_bill-01201708161308155281b89b6bdc9e7c2ab91fe190a3a8915d0b3d9b] LGD_TIMESTAMP = 
2017-08-16 13:08:15 [DEBUG] [ttmandom_bill-01201708161308155281b89b6bdc9e7c2ab91fe190a3a8915d0b3d9b] 	20170816130814
2017-08-16 13:08:15 [DEBUG] [ttmandom_bill-01201708161308155281b89b6bdc9e7c2ab91fe190a3a8915d0b3d9b] LGD_RESPMSG = 
2017-08-16 13:08:15 [DEBUG] [ttmandom_bill-01201708161308155281b89b6bdc9e7c2ab91fe190a3a8915d0b3d9b] 	취소성공
2017-08-16 13:08:15 [INFO ] [ttmandom_bill-01201708161308155281b89b6bdc9e7c2ab91fe190a3a8915d0b3d9b] m_szResCode = 0000
2017-08-16 13:08:15 [INFO ] [ttmandom_bill-01201708161308155281b89b6bdc9e7c2ab91fe190a3a8915d0b3d9b] m_szResMsg = 취소성공
2017-08-16 13:08:15 [DEBUG] [ttmandom_bill-01201708161308155281b89b6bdc9e7c2ab91fe190a3a8915d0b3d9b] TX Success Complete.
