[210614 13:49:55.858][T00000EDntJcIKBB]TX_START - site_cd=[T0000]+tx_cd=[00100000]+ordr_idxx=[20210614134815942PQS]+log_level=[3]+opt=[0]
[210614 13:49:56.876][T00000EDntJcIKBB]통신접속 타임아웃 1회 실패
[210614 13:49:56.876][T00000EDntJcIKBB]connect timed out
connect timed out
java.net.SocketTimeoutException
java.net.DualStackPlainSocketImpl.waitForConnect(Native Method)
java.net.DualStackPlainSocketImpl.socketConnect(DualStackPlainSocketImpl.java:85)
java.net.AbstractPlainSocketImpl.doConnect(AbstractPlainSocketImpl.java:350)
java.net.AbstractPlainSocketImpl.connectToAddress(AbstractPlainSocketImpl.java:206)
java.net.AbstractPlainSocketImpl.connect(AbstractPlainSocketImpl.java:188)
java.net.PlainSocketImpl.connect(PlainSocketImpl.java:172)
java.net.SocksSocketImpl.connect(SocksSocketImpl.java:392)
java.net.Socket.connect(Socket.java:589)
kr.co.kcp.PpCliN.a(Unknown Source)
kr.co.kcp.PpCliN.doTxExec(Unknown Source)
kr.co.kcp.PpCliN.a(Unknown Source)
kr.co.kcp.PpCliN.lf_PP_CLI_LIB__do_tx(Unknown Source)
com.kcp.J_PP_CLI_N.a(Unknown Source)
com.kcp.J_PP_CLI_N.mf_do_tx(Unknown Source)
com.gxenSoft.mall.order.web.OrderController.kcpPayRes(OrderController.java:5714)
sun.reflect.NativeMethodAccessorImpl.invoke0(Native Method)
sun.reflect.NativeMethodAccessorImpl.invoke(NativeMethodAccessorImpl.java:62)
sun.reflect.DelegatingMethodAccessorImpl.invoke(DelegatingMethodAccessorImpl.java:43)
java.lang.reflect.Method.invoke(Method.java:498)
org.springframework.web.method.support.InvocableHandlerMethod.doInvoke(InvocableHandlerMethod.java:221)
org.springframework.web.method.support.InvocableHandlerMethod.invokeForRequest(InvocableHandlerMethod.java:136)
org.springframework.web.servlet.mvc.method.annotation.ServletInvocableHandlerMethod.invokeAndHandle(ServletInvocableHandlerMethod.java:114)
org.springframework.web.servlet.mvc.method.annotation.RequestMappingHandlerAdapter.invokeHandlerMethod(RequestMappingHandlerAdapter.java:827)
org.springframework.web.servlet.mvc.method.annotation.RequestMappingHandlerAdapter.handleInternal(RequestMappingHandlerAdapter.java:738)
org.springframework.web.servlet.mvc.method.AbstractHandlerMethodAdapter.handle(AbstractHandlerMethodAdapter.java:85)
org.springframework.web.servlet.DispatcherServlet.doDispatch(DispatcherServlet.java:963)
org.springframework.web.servlet.DispatcherServlet.doService(DispatcherServlet.java:897)
org.springframework.web.servlet.FrameworkServlet.processRequest(FrameworkServlet.java:970)
org.springframework.web.servlet.FrameworkServlet.doPost(FrameworkServlet.java:872)
javax.servlet.http.HttpServlet.service(HttpServlet.java:661)
org.springframework.web.servlet.FrameworkServlet.service(FrameworkServlet.java:846)
javax.servlet.http.HttpServlet.service(HttpServlet.java:742)
org.apache.catalina.core.ApplicationFilterChain.internalDoFilter(ApplicationFilterChain.java:230)
org.apache.catalina.core.ApplicationFilterChain.doFilter(ApplicationFilterChain.java:165)
org.apache.tomcat.websocket.server.WsFilter.doFilter(WsFilter.java:53)
org.apache.catalina.core.ApplicationFilterChain.internalDoFilter(ApplicationFilterChain.java:192)
org.apache.catalina.core.ApplicationFilterChain.doFilter(ApplicationFilterChain.java:165)
com.gxenSoft.util.filter.HTMLTagFilter.doFilter(HTMLTagFilter.java:36)
org.apache.catalina.core.ApplicationFilterChain.internalDoFilter(ApplicationFilterChain.java:192)
org.apache.catalina.core.ApplicationFilterChain.doFilter(ApplicationFilterChain.java:165)
com.gxenSoft.util.filter.CrossScriptingFilter.doFilter(CrossScriptingFilter.java:23)
org.apache.catalina.core.ApplicationFilterChain.internalDoFilter(ApplicationFilterChain.java:192)
org.apache.catalina.core.ApplicationFilterChain.doFilter(ApplicationFilterChain.java:165)
com.gxenSoft.util.filter.UrlRewriteFilter.doFilter(UrlRewriteFilter.java:97)
org.apache.catalina.core.ApplicationFilterChain.internalDoFilter(ApplicationFilterChain.java:192)
org.apache.catalina.core.ApplicationFilterChain.doFilter(ApplicationFilterChain.java:165)
org.springframework.web.filter.CharacterEncodingFilter.doFilterInternal(CharacterEncodingFilter.java:197)
org.springframework.web.filter.OncePerRequestFilter.doFilter(OncePerRequestFilter.java:107)
org.apache.catalina.core.ApplicationFilterChain.internalDoFilter(ApplicationFilterChain.java:192)
org.apache.catalina.core.ApplicationFilterChain.doFilter(ApplicationFilterChain.java:165)
com.opensymphony.sitemesh.webapp.SiteMeshFilter.obtainContent(SiteMeshFilter.java:129)
com.opensymphony.sitemesh.webapp.SiteMeshFilter.doFilter(SiteMeshFilter.java:77)
org.apache.catalina.core.ApplicationFilterChain.internalDoFilter(ApplicationFilterChain.java:192)
org.apache.catalina.core.ApplicationFilterChain.doFilter(ApplicationFilterChain.java:165)
org.springframework.mobile.device.DeviceResolverRequestFilter.doFilterInternal(DeviceResolverRequestFilter.java:60)
org.springframework.web.filter.OncePerRequestFilter.doFilter(OncePerRequestFilter.java:107)
org.apache.catalina.core.ApplicationFilterChain.internalDoFilter(ApplicationFilterChain.java:192)
org.apache.catalina.core.ApplicationFilterChain.doFilter(ApplicationFilterChain.java:165)
org.apache.catalina.core.StandardWrapperValve.invoke(StandardWrapperValve.java:199)
org.apache.catalina.core.StandardContextValve.invoke(StandardContextValve.java:96)
org.apache.catalina.authenticator.AuthenticatorBase.invoke(AuthenticatorBase.java:475)
org.apache.catalina.core.StandardHostValve.invoke(StandardHostValve.java:140)
org.apache.catalina.valves.ErrorReportValve.invoke(ErrorReportValve.java:80)
org.apache.catalina.valves.AbstractAccessLogValve.invoke(AbstractAccessLogValve.java:624)
org.apache.catalina.core.StandardEngineValve.invoke(StandardEngineValve.java:87)
org.apache.catalina.connector.CoyoteAdapter.service(CoyoteAdapter.java:341)
org.apache.coyote.http11.Http11Processor.service(Http11Processor.java:495)
org.apache.coyote.AbstractProcessorLight.process(AbstractProcessorLight.java:66)
org.apache.coyote.AbstractProtocol$ConnectionHandler.process(AbstractProtocol.java:767)
org.apache.tomcat.util.net.NioEndpoint$SocketProcessor.doRun(NioEndpoint.java:1354)
org.apache.tomcat.util.net.SocketProcessorBase.run(SocketProcessorBase.java:49)
java.util.concurrent.ThreadPoolExecutor.runWorker(ThreadPoolExecutor.java:1142)
java.util.concurrent.ThreadPoolExecutor$Worker.run(ThreadPoolExecutor.java:617)
org.apache.tomcat.util.threads.TaskThread$WrappingRunnable.run(TaskThread.java:61)
java.lang.Thread.run(Thread.java:745)

[210614 13:49:58.386][T00000EDntJcIKBB]통신접속 타임아웃 2회 실패
[210614 13:49:58.386][T00000EDntJcIKBB]connect timed out
connect timed out
java.net.SocketTimeoutException
java.net.DualStackPlainSocketImpl.waitForConnect(Native Method)
java.net.DualStackPlainSocketImpl.socketConnect(DualStackPlainSocketImpl.java:85)
java.net.AbstractPlainSocketImpl.doConnect(AbstractPlainSocketImpl.java:350)
java.net.AbstractPlainSocketImpl.connectToAddress(AbstractPlainSocketImpl.java:206)
java.net.AbstractPlainSocketImpl.connect(AbstractPlainSocketImpl.java:188)
java.net.PlainSocketImpl.connect(PlainSocketImpl.java:172)
java.net.SocksSocketImpl.connect(SocksSocketImpl.java:392)
java.net.Socket.connect(Socket.java:589)
kr.co.kcp.PpCliN.a(Unknown Source)
kr.co.kcp.PpCliN.doTxExec(Unknown Source)
kr.co.kcp.PpCliN.a(Unknown Source)
kr.co.kcp.PpCliN.lf_PP_CLI_LIB__do_tx(Unknown Source)
com.kcp.J_PP_CLI_N.a(Unknown Source)
com.kcp.J_PP_CLI_N.mf_do_tx(Unknown Source)
com.gxenSoft.mall.order.web.OrderController.kcpPayRes(OrderController.java:5714)
sun.reflect.NativeMethodAccessorImpl.invoke0(Native Method)
sun.reflect.NativeMethodAccessorImpl.invoke(NativeMethodAccessorImpl.java:62)
sun.reflect.DelegatingMethodAccessorImpl.invoke(DelegatingMethodAccessorImpl.java:43)
java.lang.reflect.Method.invoke(Method.java:498)
org.springframework.web.method.support.InvocableHandlerMethod.doInvoke(InvocableHandlerMethod.java:221)
org.springframework.web.method.support.InvocableHandlerMethod.invokeForRequest(InvocableHandlerMethod.java:136)
org.springframework.web.servlet.mvc.method.annotation.ServletInvocableHandlerMethod.invokeAndHandle(ServletInvocableHandlerMethod.java:114)
org.springframework.web.servlet.mvc.method.annotation.RequestMappingHandlerAdapter.invokeHandlerMethod(RequestMappingHandlerAdapter.java:827)
org.springframework.web.servlet.mvc.method.annotation.RequestMappingHandlerAdapter.handleInternal(RequestMappingHandlerAdapter.java:738)
org.springframework.web.servlet.mvc.method.AbstractHandlerMethodAdapter.handle(AbstractHandlerMethodAdapter.java:85)
org.springframework.web.servlet.DispatcherServlet.doDispatch(DispatcherServlet.java:963)
org.springframework.web.servlet.DispatcherServlet.doService(DispatcherServlet.java:897)
org.springframework.web.servlet.FrameworkServlet.processRequest(FrameworkServlet.java:970)
org.springframework.web.servlet.FrameworkServlet.doPost(FrameworkServlet.java:872)
javax.servlet.http.HttpServlet.service(HttpServlet.java:661)
org.springframework.web.servlet.FrameworkServlet.service(FrameworkServlet.java:846)
javax.servlet.http.HttpServlet.service(HttpServlet.java:742)
org.apache.catalina.core.ApplicationFilterChain.internalDoFilter(ApplicationFilterChain.java:230)
org.apache.catalina.core.ApplicationFilterChain.doFilter(ApplicationFilterChain.java:165)
org.apache.tomcat.websocket.server.WsFilter.doFilter(WsFilter.java:53)
org.apache.catalina.core.ApplicationFilterChain.internalDoFilter(ApplicationFilterChain.java:192)
org.apache.catalina.core.ApplicationFilterChain.doFilter(ApplicationFilterChain.java:165)
com.gxenSoft.util.filter.HTMLTagFilter.doFilter(HTMLTagFilter.java:36)
org.apache.catalina.core.ApplicationFilterChain.internalDoFilter(ApplicationFilterChain.java:192)
org.apache.catalina.core.ApplicationFilterChain.doFilter(ApplicationFilterChain.java:165)
com.gxenSoft.util.filter.CrossScriptingFilter.doFilter(CrossScriptingFilter.java:23)
org.apache.catalina.core.ApplicationFilterChain.internalDoFilter(ApplicationFilterChain.java:192)
org.apache.catalina.core.ApplicationFilterChain.doFilter(ApplicationFilterChain.java:165)
com.gxenSoft.util.filter.UrlRewriteFilter.doFilter(UrlRewriteFilter.java:97)
org.apache.catalina.core.ApplicationFilterChain.internalDoFilter(ApplicationFilterChain.java:192)
org.apache.catalina.core.ApplicationFilterChain.doFilter(ApplicationFilterChain.java:165)
org.springframework.web.filter.CharacterEncodingFilter.doFilterInternal(CharacterEncodingFilter.java:197)
org.springframework.web.filter.OncePerRequestFilter.doFilter(OncePerRequestFilter.java:107)
org.apache.catalina.core.ApplicationFilterChain.internalDoFilter(ApplicationFilterChain.java:192)
org.apache.catalina.core.ApplicationFilterChain.doFilter(ApplicationFilterChain.java:165)
com.opensymphony.sitemesh.webapp.SiteMeshFilter.obtainContent(SiteMeshFilter.java:129)
com.opensymphony.sitemesh.webapp.SiteMeshFilter.doFilter(SiteMeshFilter.java:77)
org.apache.catalina.core.ApplicationFilterChain.internalDoFilter(ApplicationFilterChain.java:192)
org.apache.catalina.core.ApplicationFilterChain.doFilter(ApplicationFilterChain.java:165)
org.springframework.mobile.device.DeviceResolverRequestFilter.doFilterInternal(DeviceResolverRequestFilter.java:60)
org.springframework.web.filter.OncePerRequestFilter.doFilter(OncePerRequestFilter.java:107)
org.apache.catalina.core.ApplicationFilterChain.internalDoFilter(ApplicationFilterChain.java:192)
org.apache.catalina.core.ApplicationFilterChain.doFilter(ApplicationFilterChain.java:165)
org.apache.catalina.core.StandardWrapperValve.invoke(StandardWrapperValve.java:199)
org.apache.catalina.core.StandardContextValve.invoke(StandardContextValve.java:96)
org.apache.catalina.authenticator.AuthenticatorBase.invoke(AuthenticatorBase.java:475)
org.apache.catalina.core.StandardHostValve.invoke(StandardHostValve.java:140)
org.apache.catalina.valves.ErrorReportValve.invoke(ErrorReportValve.java:80)
org.apache.catalina.valves.AbstractAccessLogValve.invoke(AbstractAccessLogValve.java:624)
org.apache.catalina.core.StandardEngineValve.invoke(StandardEngineValve.java:87)
org.apache.catalina.connector.CoyoteAdapter.service(CoyoteAdapter.java:341)
org.apache.coyote.http11.Http11Processor.service(Http11Processor.java:495)
org.apache.coyote.AbstractProcessorLight.process(AbstractProcessorLight.java:66)
org.apache.coyote.AbstractProtocol$ConnectionHandler.process(AbstractProtocol.java:767)
org.apache.tomcat.util.net.NioEndpoint$SocketProcessor.doRun(NioEndpoint.java:1354)
org.apache.tomcat.util.net.SocketProcessorBase.run(SocketProcessorBase.java:49)
java.util.concurrent.ThreadPoolExecutor.runWorker(ThreadPoolExecutor.java:1142)
java.util.concurrent.ThreadPoolExecutor$Worker.run(ThreadPoolExecutor.java:617)
org.apache.tomcat.util.threads.TaskThread$WrappingRunnable.run(TaskThread.java:61)
java.lang.Thread.run(Thread.java:745)

[210614 13:49:59.900][T00000EDntJcIKBB]통신접속 타임아웃 3회 실패
[210614 13:49:59.900][T00000EDntJcIKBB]connect timed out
connect timed out
java.net.SocketTimeoutException
java.net.DualStackPlainSocketImpl.waitForConnect(Native Method)
java.net.DualStackPlainSocketImpl.socketConnect(DualStackPlainSocketImpl.java:85)
java.net.AbstractPlainSocketImpl.doConnect(AbstractPlainSocketImpl.java:350)
java.net.AbstractPlainSocketImpl.connectToAddress(AbstractPlainSocketImpl.java:206)
java.net.AbstractPlainSocketImpl.connect(AbstractPlainSocketImpl.java:188)
java.net.PlainSocketImpl.connect(PlainSocketImpl.java:172)
java.net.SocksSocketImpl.connect(SocksSocketImpl.java:392)
java.net.Socket.connect(Socket.java:589)
kr.co.kcp.PpCliN.a(Unknown Source)
kr.co.kcp.PpCliN.doTxExec(Unknown Source)
kr.co.kcp.PpCliN.a(Unknown Source)
kr.co.kcp.PpCliN.lf_PP_CLI_LIB__do_tx(Unknown Source)
com.kcp.J_PP_CLI_N.a(Unknown Source)
com.kcp.J_PP_CLI_N.mf_do_tx(Unknown Source)
com.gxenSoft.mall.order.web.OrderController.kcpPayRes(OrderController.java:5714)
sun.reflect.NativeMethodAccessorImpl.invoke0(Native Method)
sun.reflect.NativeMethodAccessorImpl.invoke(NativeMethodAccessorImpl.java:62)
sun.reflect.DelegatingMethodAccessorImpl.invoke(DelegatingMethodAccessorImpl.java:43)
java.lang.reflect.Method.invoke(Method.java:498)
org.springframework.web.method.support.InvocableHandlerMethod.doInvoke(InvocableHandlerMethod.java:221)
org.springframework.web.method.support.InvocableHandlerMethod.invokeForRequest(InvocableHandlerMethod.java:136)
org.springframework.web.servlet.mvc.method.annotation.ServletInvocableHandlerMethod.invokeAndHandle(ServletInvocableHandlerMethod.java:114)
org.springframework.web.servlet.mvc.method.annotation.RequestMappingHandlerAdapter.invokeHandlerMethod(RequestMappingHandlerAdapter.java:827)
org.springframework.web.servlet.mvc.method.annotation.RequestMappingHandlerAdapter.handleInternal(RequestMappingHandlerAdapter.java:738)
org.springframework.web.servlet.mvc.method.AbstractHandlerMethodAdapter.handle(AbstractHandlerMethodAdapter.java:85)
org.springframework.web.servlet.DispatcherServlet.doDispatch(DispatcherServlet.java:963)
org.springframework.web.servlet.DispatcherServlet.doService(DispatcherServlet.java:897)
org.springframework.web.servlet.FrameworkServlet.processRequest(FrameworkServlet.java:970)
org.springframework.web.servlet.FrameworkServlet.doPost(FrameworkServlet.java:872)
javax.servlet.http.HttpServlet.service(HttpServlet.java:661)
org.springframework.web.servlet.FrameworkServlet.service(FrameworkServlet.java:846)
javax.servlet.http.HttpServlet.service(HttpServlet.java:742)
org.apache.catalina.core.ApplicationFilterChain.internalDoFilter(ApplicationFilterChain.java:230)
org.apache.catalina.core.ApplicationFilterChain.doFilter(ApplicationFilterChain.java:165)
org.apache.tomcat.websocket.server.WsFilter.doFilter(WsFilter.java:53)
org.apache.catalina.core.ApplicationFilterChain.internalDoFilter(ApplicationFilterChain.java:192)
org.apache.catalina.core.ApplicationFilterChain.doFilter(ApplicationFilterChain.java:165)
com.gxenSoft.util.filter.HTMLTagFilter.doFilter(HTMLTagFilter.java:36)
org.apache.catalina.core.ApplicationFilterChain.internalDoFilter(ApplicationFilterChain.java:192)
org.apache.catalina.core.ApplicationFilterChain.doFilter(ApplicationFilterChain.java:165)
com.gxenSoft.util.filter.CrossScriptingFilter.doFilter(CrossScriptingFilter.java:23)
org.apache.catalina.core.ApplicationFilterChain.internalDoFilter(ApplicationFilterChain.java:192)
org.apache.catalina.core.ApplicationFilterChain.doFilter(ApplicationFilterChain.java:165)
com.gxenSoft.util.filter.UrlRewriteFilter.doFilter(UrlRewriteFilter.java:97)
org.apache.catalina.core.ApplicationFilterChain.internalDoFilter(ApplicationFilterChain.java:192)
org.apache.catalina.core.ApplicationFilterChain.doFilter(ApplicationFilterChain.java:165)
org.springframework.web.filter.CharacterEncodingFilter.doFilterInternal(CharacterEncodingFilter.java:197)
org.springframework.web.filter.OncePerRequestFilter.doFilter(OncePerRequestFilter.java:107)
org.apache.catalina.core.ApplicationFilterChain.internalDoFilter(ApplicationFilterChain.java:192)
org.apache.catalina.core.ApplicationFilterChain.doFilter(ApplicationFilterChain.java:165)
com.opensymphony.sitemesh.webapp.SiteMeshFilter.obtainContent(SiteMeshFilter.java:129)
com.opensymphony.sitemesh.webapp.SiteMeshFilter.doFilter(SiteMeshFilter.java:77)
org.apache.catalina.core.ApplicationFilterChain.internalDoFilter(ApplicationFilterChain.java:192)
org.apache.catalina.core.ApplicationFilterChain.doFilter(ApplicationFilterChain.java:165)
org.springframework.mobile.device.DeviceResolverRequestFilter.doFilterInternal(DeviceResolverRequestFilter.java:60)
org.springframework.web.filter.OncePerRequestFilter.doFilter(OncePerRequestFilter.java:107)
org.apache.catalina.core.ApplicationFilterChain.internalDoFilter(ApplicationFilterChain.java:192)
org.apache.catalina.core.ApplicationFilterChain.doFilter(ApplicationFilterChain.java:165)
org.apache.catalina.core.StandardWrapperValve.invoke(StandardWrapperValve.java:199)
org.apache.catalina.core.StandardContextValve.invoke(StandardContextValve.java:96)
org.apache.catalina.authenticator.AuthenticatorBase.invoke(AuthenticatorBase.java:475)
org.apache.catalina.core.StandardHostValve.invoke(StandardHostValve.java:140)
org.apache.catalina.valves.ErrorReportValve.invoke(ErrorReportValve.java:80)
org.apache.catalina.valves.AbstractAccessLogValve.invoke(AbstractAccessLogValve.java:624)
org.apache.catalina.core.StandardEngineValve.invoke(StandardEngineValve.java:87)
org.apache.catalina.connector.CoyoteAdapter.service(CoyoteAdapter.java:341)
org.apache.coyote.http11.Http11Processor.service(Http11Processor.java:495)
org.apache.coyote.AbstractProcessorLight.process(AbstractProcessorLight.java:66)
org.apache.coyote.AbstractProtocol$ConnectionHandler.process(AbstractProtocol.java:767)
org.apache.tomcat.util.net.NioEndpoint$SocketProcessor.doRun(NioEndpoint.java:1354)
org.apache.tomcat.util.net.SocketProcessorBase.run(SocketProcessorBase.java:49)
java.util.concurrent.ThreadPoolExecutor.runWorker(ThreadPoolExecutor.java:1142)
java.util.concurrent.ThreadPoolExecutor$Worker.run(ThreadPoolExecutor.java:617)
org.apache.tomcat.util.threads.TaskThread$WrappingRunnable.run(TaskThread.java:61)
java.lang.Thread.run(Thread.java:745)

[210614 13:50:00.410][T00000EDntJcIKBB]통신접속 실패
